The target system is: Generic -  - arm
The host system is: Linux - 4.15.0-128-generic - x86_64
Checking whether the ASM compiler is GNU using "--version" matched "(GNU assembler)|(GCC)|(Free Software Foundation)":
arm-none-eabi-gcc (GNU Arm Embedded Toolchain 10-2020-q4-major) 10.2.1 20201103 (release)
Copyright (C) 2020 Free Software Foundation, Inc.
This is free software; see the source for copying conditions.  There is NO
warranty; not even for MERCHANTABILITY or FITNESS FOR A PARTICULAR PURPOSE.

Compiling the C compiler identification source file "CMakeCCompilerId.c" succeeded.
Compiler: /opt/gcc-arm-none-eabi-10-2020-q4-major//bin/arm-none-eabi-gcc 
Build flags: 
Id flags: -c 

The output was:
0


Compilation of the C compiler identification source "CMakeCCompilerId.c" produced "CMakeCCompilerId.o"

The C compiler identification is GNU, found in "/home/nxf46594/projects/845/repo/SDK_2.9.1_EVK-MIMX8MM/boards/evkmimx8mm/rtos_examples/low_power_usecases/armgcc/CMakeFiles/3.10.2/CompilerIdC/CMakeCCompilerId.o"

Compiling the CXX compiler identification source file "CMakeCXXCompilerId.cpp" succeeded.
Compiler: /opt/gcc-arm-none-eabi-10-2020-q4-major//bin/arm-none-eabi-g++ 
Build flags: 
Id flags: -c 

The output was:
0


Compilation of the CXX compiler identification source "CMakeCXXCompilerId.cpp" produced "CMakeCXXCompilerId.o"

The CXX compiler identification is GNU, found in "/home/nxf46594/projects/845/repo/SDK_2.9.1_EVK-MIMX8MM/boards/evkmimx8mm/rtos_examples/low_power_usecases/armgcc/CMakeFiles/3.10.2/CompilerIdCXX/CMakeCXXCompilerId.o"

